17:02:08.540 [main] INFO  com.LetsGo.RunRun - Info-1
17:02:58.944 [main] INFO  com.LetsGo.RunRun - Info-1
17:04:25.913 [main] INFO  com.LetsGo.Right - Info
17:04:25.951 [main] INFO  com.LetsGo.RunRun - Info-1
16:41:05.608 [main] INFO  com.ScreenShot.ScreenShot - URL opened in the brwoser
16:41:05.974 [main] INFO  com.ScreenShot.ScreenShot - Login Succeed
16:43:16.152 [main] INFO  com.ScreenShot.ScreenShot - URL opened in the brwoser
16:43:16.674 [main] INFO  com.ScreenShot.ScreenShot - Login Succeed
16:45:57.264 [main] INFO  com.ScreenShot.ScreenShot - URL opened in the brwoser
16:45:57.686 [main] INFO  com.ScreenShot.ScreenShot - Login Succeed
16:50:25.164 [main] INFO  com.ScreenShot.ScreenShot - URL opened in the brwoser
16:50:25.590 [main] INFO  com.ScreenShot.ScreenShot - Login Succeed
16:51:59.073 [main] INFO  com.ScreenShot.ScreenShot - URL opened in the brwoser
16:51:59.700 [main] INFO  com.ScreenShot.ScreenShot - Login Succeed
16:53:09.210 [main] INFO  com.ScreenShot.ScreenShot - URL opened in the brwoser
16:53:09.712 [main] INFO  com.ScreenShot.ScreenShot - Login Succeed
16:53:33.544 [main] INFO  com.ScreenShot.ScreenShot - URL opened in the brwoser
16:53:33.930 [main] INFO  com.ScreenShot.ScreenShot - Login Succeed
16:56:02.019 [main] INFO  com.ScreenShot.ScreenShot - URL opened in the brwoser
16:56:02.448 [main] INFO  com.ScreenShot.ScreenShot - Login Succeed
15:30:35.455 [main] INFO  com.Logs.Right - Info
